SmsShow/proguard/mapping.txt
nick.chow.smsshow.AboutActivity -> nick.chow.smsshow.AboutActivity:
    void onCreate(android.os.Bundle) -> onCreate
nick.chow.smsshow.MainActivity -> nick.chow.smsshow.MainActivity:
    void onCreate(android.os.Bundle) -> onCreate
    void onAbout(android.view.View) -> onAbout
    void onTest(android.view.View) -> onTest
    void onSetting(android.view.View) -> onSetting
    boolean onCreateOptionsMenu(android.view.Menu) -> onCreateOptionsMenu
    boolean onMenuItemSelected(int,android.view.MenuItem) -> onMenuItemSelected
nick.chow.smsshow.QuickSMSService -> nick.chow.smsshow.QuickSMSService:
    java.lang.String tag -> a
    void onHandleIntent(android.content.Intent) -> onHandleIntent
nick.chow.smsshow.SMSBroadcastReceiver -> nick.chow.smsshow.SMSBroadcastReceiver:
    java.lang.String tag -> a
    void onReceive(android.content.Context,android.content.Intent) -> onReceive
nick.chow.smsshow.SMSPopupActivity -> nick.chow.smsshow.SMSPopupActivity:
    java.lang.String tag -> c
    android.widget.ListView smsListView -> d
    android.widget.TextView titleView -> e
    android.view.View smsContainer -> f
    boolean istest -> g
    android.view.ViewGroup btnBar -> h
    android.widget.TextView smsDiver -> i
    nick.chow.app.manager.SMSManager smsService -> j
    android.app.NotificationManager notificationManager -> a
    java.util.Set mids -> k
    android.content.SharedPreferences prefs -> l
    android.widget.Button closeBtn -> m
    android.widget.Button deleBtn -> n
    android.widget.Button readBtn -> o
    java.util.List data -> b
    android.view.animation.Animation$AnimationListener animationCloseOut -> p
    android.view.animation.Animation$AnimationListener animationDeleteOut -> q
    android.view.animation.Animation$AnimationListener animationReadOut -> r
    void onCreate(android.os.Bundle) -> onCreate
    void init() -> a
    void setupAnimation() -> b
    void setupButton() -> c
    void setupWindow() -> d
    void setupTitle() -> e
    void setupListView() -> f
    void setupData() -> g
    void onResume() -> onResume
    void close(android.view.View) -> close
    void markRead(android.view.View) -> markRead
    void deleteAll(android.view.View) -> deleteAll
    void replySMS(android.view.View) -> replySMS
    boolean onCreateOptionsMenu(android.view.Menu) -> onCreateOptionsMenu
nick.chow.smsshow.SMSPopupActivity$1 -> nick.chow.smsshow.a:
    nick.chow.smsshow.SMSPopupActivity this$0 -> a
    void onAnimationEnd(android.view.animation.Animation) -> onAnimationEnd
nick.chow.smsshow.SMSPopupActivity$2 -> nick.chow.smsshow.b:
    nick.chow.smsshow.SMSPopupActivity this$0 -> a
    void onAnimationEnd(android.view.animation.Animation) -> onAnimationEnd
nick.chow.smsshow.SMSPopupActivity$MyAnimationDecrator -> nick.chow.smsshow.c:
    nick.chow.smsshow.SMSPopupActivity this$0 -> b
    void onAnimationEnd(android.view.animation.Animation) -> onAnimationEnd
nick.chow.smsshow.SettingFragment -> nick.chow.smsshow.SettingFragment:
    android.preference.PreferenceScreen preferenceScreen -> a
    int prferenceCount -> b
    android.preference.Preference enableQSMSPreference -> c
    void onCreate(android.os.Bundle) -> onCreate
    boolean onPreferenceChange(android.preference.Preference,java.lang.Object) -> onPreferenceChange
nick.chow.smsshow.SettingsActivity -> nick.chow.smsshow.SettingsActivity:
    void onCreate(android.os.Bundle) -> onCreate
...
android.support.v4.view.ViewCompatICS -> android.support.v4.view.aa:
    boolean canScrollHorizontally(android.view.View,int) -> a
android.support.v4.view.ViewCompatJB -> android.support.v4.view.ab:
    void postInvalidateOnAnimation(android.view.View) -> a
    void postOnAnimation(android.view.View,java.lang.Runnable) -> a
android.support.v4.view.ViewPager -> android.support.v4.view.ViewPager:
    int[] LAYOUT_ATTRS -> a
    java.util.Comparator COMPARATOR -> b
    android.view.animation.Interpolator sInterpolator -> c
    java.util.ArrayList mItems -> d
    android.support.v4.view.ViewPager$ItemInfo mTempItem -> e
    android.graphics.Rect mTempRect -> f
    android.support.v4.view.PagerAdapter mAdapter -> g
    int mCurItem -> h
    int mRestoredCurItem -> i
    android.os.Parcelable mRestoredAdapterState -> j
    java.lang.ClassLoader mRestoredClassLoader -> k
    android.widget.Scroller mScroller -> l
    android.support.v4.view.ViewPager$PagerObserver mObserver -> m
    int mPageMargin -> n
    android.graphics.drawable.Drawable mMarginDrawable -> o
    int mTopPageBounds -> p
    int mBottomPageBounds -> q
    float mFirstOffset -> r
    float mLastOffset -> s
    int mChildWidthMeasureSpec -> t
    int mChildHeightMeasureSpec -> u
    boolean mInLayout -> v
    boolean mScrollingCacheEnabled -> w
    boolean mPopulatePending -> x
    int mOffscreenPageLimit -> y
    boolean mIsBeingDragged -> z
    boolean mIsUnableToDrag -> A
    int mDefaultGutterSize -> B
    int mGutterSize -> C
    int mTouchSlop -> D
    float mLastMotionX -> E
    float mLastMotionY -> F
    float mInitialMotionX -> G
    float mInitialMotionY -> H
    int mActivePointerId -> I
    android.view.VelocityTracker mVelocityTracker -> J
    int mMinimumVelocity -> K
android.support.v4.view.ViewPager$1 -> android.support.v4.view.ac:
    int compare(android.support.v4.view.ViewPager$ItemInfo,android.support.v4.view.ViewPager$ItemInfo) -> a
    int compare(java.lang.Object,java.lang.Object) -> compare
android.support.v4.view.ViewPager$2 -> android.support.v4.view.ad:
    float getInterpolation(float) -> getInterpolation
android.support.v4.view.ViewPager$Decor -> android.support.v4.view.ae:
android.support.v4.view.ViewPager$ItemInfo -> android.support.v4.view.af:
    java.lang.Object object -> a
    int position -> b
    boolean scrolling -> c
    float widthFactor -> d
    float offset -> e
android.support.v4.view.ViewPager$LayoutParams -> android.support.v4.view.ag:
    boolean isDecor -> a
    int gravity -> b
    float widthFactor -> c
    boolean needsMeasure -> d
    int position -> e
    int childIndex -> f
android.support.v4.view.ViewPager$OnAdapterChangeListener -> android.support.v4.view.ah:
    void onAdapterChanged(android.support.v4.view.PagerAdapter,android.support.v4.view.PagerAdapter) -> a
android.support.v4.view.ViewPager$OnPageChangeListener -> android.support.v4.view.ai:
    void onPageScrolled(int,float,int) -> a
    void onPageSelected(int) -> a
    void onPageScrollStateChanged(int) -> b
android.support.v4.view.ViewPager$PageTransformer -> android.support.v4.view.aj:
    void transformPage(android.view.View,float) -> a
android.support.v4.view.ViewPager$PagerObserver -> android.support.v4.view.ak:
    android.support.v4.view.ViewPager this$0 -> a
    void onChanged() -> onChanged
    void onInvalidated() -> onInvalidated
android.support.v4.view.ViewPager$SavedState -> android.support.v4.view.ViewPager$SavedState:
    int position -> a
    android.os.Parcelable adapterState -> b
    java.lang.ClassLoader loader -> c
    android.os.Parcelable$Creator CREATOR -> CREATOR
    void writeToParcel(android.os.Parcel,int) -> writeToParcel
    java.lang.String toString() -> toString